<?xml version="1.0" encoding="UTF-8"?>
<!-- Generated by org.testng.reporters.JUnitReportReporter -->
<testsuite skipped="0" hostname="TYSS-TestOptimize" name="com.gitTest.Test" tests="1" failures="0" timestamp="08 Jul 2020 06:56:11 GMT" time="0.009" errors="0">
  <testcase name="test" time="0.009" classname="com.gitTest.Test"/>
</testsuite> <!-- com.gitTest.Test -->
